<?xml version="1.0" encoding="UTF-8"?>
<!-- Generated by org.testng.reporters.JUnitReportReporter -->
<testsuite hostname="LAPTOP-NP0VQLSQ" failures="0" tests="3" name="runner.LoginRunner" time="14.091" errors="0" timestamp="2025-03-21T10:10:57 IST" skipped="0">
  <testcase classname="runner.LoginRunner" name="runScenario" time="3.094"/>
  <system-out/>
  <testcase classname="runner.LoginRunner" name="runScenario" time="8.481"/>
  <system-out/>
  <testcase classname="runner.LoginRunner" name="runScenario" time="2.516"/>
  <system-out/>
</testsuite> <!-- runner.LoginRunner -->
