<?xml version="1.0" encoding="UTF-8"?>
<!-- Generated by org.testng.reporters.JUnitReportReporter -->
<testsuite hostname="LAPTOP-NP0VQLSQ" failures="0" tests="3" name="runner.ProductDetailsRunner" time="29.072" errors="0" timestamp="2025-03-21T10:10:57 IST" skipped="0">
  <testcase classname="runner.ProductDetailsRunner" name="runScenario" time="15.231"/>
  <system-out/>
  <testcase classname="runner.ProductDetailsRunner" name="runScenario" time="6.325"/>
  <system-out/>
  <testcase classname="runner.ProductDetailsRunner" name="runScenario" time="7.516"/>
  <system-out/>
</testsuite> <!-- runner.ProductDetailsRunner -->
