<?xml version="1.0" encoding="UTF-8"?>
<!-- Generated by org.testng.reporters.JUnitReportReporter -->
<testsuite hostname="LAPTOP-NP0VQLSQ" failures="0" tests="3" name="runner.HomeRunner" time="23.507" errors="0" timestamp="2025-03-21T10:10:57 IST" skipped="0">
  <testcase classname="runner.HomeRunner" name="runScenario" time="8.053"/>
  <system-out/>
  <testcase classname="runner.HomeRunner" name="runScenario" time="11.513"/>
  <system-out/>
  <testcase classname="runner.HomeRunner" name="runScenario" time="3.941"/>
  <system-out/>
</testsuite> <!-- runner.HomeRunner -->
