<?xml version="1.0" encoding="UTF-8"?>
<!-- Generated by org.testng.reporters.JUnitReportReporter -->
<testsuite hostname="LAPTOP-NP0VQLSQ" failures="0" tests="5" name="runner.SearchFunctionality" time="40.044" errors="0" timestamp="2025-03-21T10:10:57 IST" skipped="0">
  <testcase classname="runner.SearchFunctionality" name="runScenario" time="5.216"/>
  <system-out/>
  <testcase classname="runner.SearchFunctionality" name="runScenario" time="7.206"/>
  <system-out/>
  <testcase classname="runner.SearchFunctionality" name="runScenario" time="15.087"/>
  <system-out/>
  <testcase classname="runner.SearchFunctionality" name="runScenario" time="8.589"/>
  <system-out/>
  <testcase classname="runner.SearchFunctionality" name="runScenario" time="3.946"/>
  <system-out/>
</testsuite> <!-- runner.SearchFunctionality -->
